<?xml version="1.0" encoding="UTF-8"?>
<!-- Generated by org.testng.reporters.JUnitXMLReporter -->
<testsuite hostname="DESKTOP-2PM6KO1" ignored="2" name="LoginSmokeTest2" tests="2" failures="0" timestamp="11 Oct 2020 19:37:49 GMT" time="0.977" errors="0">
  <testcase name="verifyLogin" time="0.064" classname="com.one.LoginTest"/>
  <testcase name="verifyLoginLogout" time="0.327" classname="com.one.LoginTest"/>
  <testcase name="verifyLoginPageElements" time="0.0" classname="com.one.LoginTest">
    <ignored/>
  </testcase> <!-- verifyLoginPageElements -->
  <testcase name="verifyLoginFails" time="0.0" classname="com.one.LoginTest">
    <ignored/>
  </testcase> <!-- verifyLoginFails -->
</testsuite> <!-- LoginSmokeTest2 -->
