<?xml version="1.0" encoding="UTF-8"?>
<!-- Generated by org.testng.reporters.JUnitXMLReporter -->
<testsuite hostname="DESKTOP-2PM6KO1" ignored="2" name="LoginSmokeTest1" tests="2" failures="0" timestamp="11 Oct 2020 19:37:48 GMT" time="2.259" errors="0">
  <testcase name="verifyLogin" time="0.093" classname="com.one.LoginTest"/>
  <testcase name="verifyLoginLogout" time="0.667" classname="com.one.LoginTest"/>
  <testcase name="verifyLoginPageElements" time="0.0" classname="com.one.LoginTest">
    <ignored/>
  </testcase> <!-- verifyLoginPageElements -->
  <testcase name="verifyLoginFails" time="0.0" classname="com.one.LoginTest">
    <ignored/>
  </testcase> <!-- verifyLoginFails -->
</testsuite> <!-- LoginSmokeTest1 -->
