<?xml version="1.0" encoding="UTF-8"?>
<!-- Generated by org.testng.reporters.JUnitXMLReporter -->
<testsuite hostname="DESKTOP-2PM6KO1" ignored="3" name="LoginSmokeTestSpaceUsername" tests="1" failures="0" timestamp="11 Oct 2020 19:37:56 GMT" time="0.42" errors="0">
  <testcase name="verifyLoginFails" time="0.055" classname="com.one.LoginTest"/>
  <testcase name="verifyLoginLogout" time="0.0" classname="com.one.LoginTest">
    <ignored/>
  </testcase> <!-- verifyLoginLogout -->
  <testcase name="verifyLoginPageElements" time="0.0" classname="com.one.LoginTest">
    <ignored/>
  </testcase> <!-- verifyLoginPageElements -->
  <testcase name="verifyLogin" time="0.0" classname="com.one.LoginTest">
    <ignored/>
  </testcase> <!-- verifyLogin -->
</testsuite> <!-- LoginSmokeTestSpaceUsername -->
