<?xml version="1.0" encoding="UTF-8"?>
<!-- Generated by org.testng.reporters.JUnitXMLReporter -->
<testsuite hostname="DESKTOP-2PM6KO1" ignored="3" name="LoginPage" tests="1" failures="0" timestamp="11 Oct 2020 19:37:46 GMT" time="8.436" errors="0">
  <testcase name="verifyLoginPageElements" time="2.979" classname="com.one.LoginTest"/>
  <testcase name="verifyLoginLogout" time="0.0" classname="com.one.LoginTest">
    <ignored/>
  </testcase> <!-- verifyLoginLogout -->
  <testcase name="verifyLogin" time="0.0" classname="com.one.LoginTest">
    <ignored/>
  </testcase> <!-- verifyLogin -->
  <testcase name="verifyLoginFails" time="0.0" classname="com.one.LoginTest">
    <ignored/>
  </testcase> <!-- verifyLoginFails -->
</testsuite> <!-- LoginPage -->
