<?xml version="1.0" encoding="UTF-8"?>
<!-- Generated by org.testng.reporters.JUnitReportReporter -->
<testsuite skipped="0" hostname="DESKTOP-2PM6KO1" name="com.one.LoginTest" tests="12" failures="0" timestamp="11 Oct 2020 19:37:57 GMT" time="4.599" errors="0">
  <testcase name="verifyLoginFails" time="0.056" classname="com.one.LoginTest"/>
  <testcase name="verifyLoginFails" time="0.065" classname="com.one.LoginTest"/>
  <testcase name="verifyLoginLogout" time="0.668" classname="com.one.LoginTest"/>
  <testcase name="verifyLoginFails" time="0.058" classname="com.one.LoginTest"/>
  <testcase name="verifyLoginPageElements" time="2.983" classname="com.one.LoginTest"/>
  <testcase name="verifyLoginFails" time="0.061" classname="com.one.LoginTest"/>
  <testcase name="verifyLoginFails" time="0.060" classname="com.one.LoginTest"/>
  <testcase name="verifyLogin" time="0.086" classname="com.one.LoginTest"/>
  <testcase name="verifyLogin" time="0.093" classname="com.one.LoginTest"/>
  <testcase name="verifyLogin" time="0.064" classname="com.one.LoginTest"/>
  <testcase name="verifyLoginFails" time="0.077" classname="com.one.LoginTest"/>
  <testcase name="verifyLoginLogout" time="0.328" classname="com.one.LoginTest"/>
</testsuite> <!-- com.one.LoginTest -->
